c:\users\yu_ok\source\repos\yoka346\kalmia-reversi\kalmia\kalmia\x64\debug\mobility_test.h.ifc
c:\users\yu_ok\source\repos\yoka346\kalmia-reversi\kalmia\kalmia\x64\debug\mobility_test.h.ifc.d.json
c:\users\yu_ok\source\repos\yoka346\kalmia-reversi\kalmia\kalmia\x64\debug\mobility_test.h.obj
c:\users\yu_ok\source\repos\yoka346\kalmia-reversi\kalmia\kalmia\x64\debug\vc143.pdb
c:\users\yu_ok\source\repos\yoka346\kalmia-reversi\kalmia\kalmia\x64\debug\vc143.idb
c:\users\yu_ok\source\repos\yoka346\kalmia-reversi\kalmia\kalmia\x64\debug\random.obj
c:\users\yu_ok\source\repos\yoka346\kalmia-reversi\kalmia\kalmia\x64\debug\game_timer.obj
c:\users\yu_ok\source\repos\yoka346\kalmia-reversi\kalmia\kalmia\x64\debug\position_feature_update_test.obj
c:\users\yu_ok\source\repos\yoka346\kalmia-reversi\kalmia\kalmia\x64\debug\position_feature_init_test.obj
c:\users\yu_ok\source\repos\yoka346\kalmia-reversi\kalmia\kalmia\x64\debug\mobility_test.obj
c:\users\yu_ok\source\repos\yoka346\kalmia-reversi\kalmia\kalmia\x64\debug\flip_test.obj
c:\users\yu_ok\source\repos\yoka346\kalmia-reversi\kalmia\kalmia\x64\debug\types.obj
c:\users\yu_ok\source\repos\yoka346\kalmia-reversi\kalmia\kalmia\x64\debug\mobility.obj
c:\users\yu_ok\source\repos\yoka346\kalmia-reversi\kalmia\kalmia\x64\debug\flip.obj
c:\users\yu_ok\source\repos\yoka346\kalmia-reversi\kalmia\kalmia\x64\debug\gtp.obj
c:\users\yu_ok\source\repos\yoka346\kalmia-reversi\kalmia\kalmia\x64\debug\main.obj
c:\users\yu_ok\source\repos\yoka346\kalmia-reversi\kalmia\kalmia\x64\debug\logger.obj
c:\users\yu_ok\source\repos\yoka346\kalmia-reversi\kalmia\kalmia\x64\debug\feature.obj
c:\users\yu_ok\source\repos\yoka346\kalmia-reversi\kalmia\kalmia\x64\debug\random_mover.obj
c:\users\yu_ok\source\repos\yoka346\kalmia-reversi\kalmia\kalmia\x64\debug\engine_option.obj
c:\users\yu_ok\source\repos\yoka346\kalmia-reversi\kalmia\kalmia\x64\debug\engine.obj
c:\users\yu_ok\source\repos\yoka346\kalmia-reversi\kalmia\x64\debug\kalmia.exe
c:\users\yu_ok\source\repos\yoka346\kalmia-reversi\kalmia\kalmia\x64\debug\kalmia.ilk
c:\users\yu_ok\source\repos\yoka346\kalmia-reversi\kalmia\x64\debug\kalmia.pdb
c:\users\yu_ok\source\repos\yoka346\kalmia-reversi\kalmia\kalmia\x64\debug\mobility_test.h.module.json
c:\users\yu_ok\source\repos\yoka346\kalmia-reversi\kalmia\kalmia\x64\debug\kalmia.tlog\cl.command.1.tlog
c:\users\yu_ok\source\repos\yoka346\kalmia-reversi\kalmia\kalmia\x64\debug\kalmia.tlog\cl.read.1.tlog
c:\users\yu_ok\source\repos\yoka346\kalmia-reversi\kalmia\kalmia\x64\debug\kalmia.tlog\cl.write.1.tlog
c:\users\yu_ok\source\repos\yoka346\kalmia-reversi\kalmia\kalmia\x64\debug\kalmia.tlog\link.command.1.tlog
c:\users\yu_ok\source\repos\yoka346\kalmia-reversi\kalmia\kalmia\x64\debug\kalmia.tlog\link.read.1.tlog
c:\users\yu_ok\source\repos\yoka346\kalmia-reversi\kalmia\kalmia\x64\debug\kalmia.tlog\link.write.1.tlog
c:\users\yu_ok\source\repos\yoka346\kalmia-reversi\kalmia\kalmia\x64\debug\kalmia_md.tlog\cl.command.1.tlog
c:\users\yu_ok\source\repos\yoka346\kalmia-reversi\kalmia\kalmia\x64\debug\kalmia_md.tlog\microsoft.build.cpptasks.cl.read.1.tlog
c:\users\yu_ok\source\repos\yoka346\kalmia-reversi\kalmia\kalmia\x64\debug\kalmia_md.tlog\microsoft.build.cpptasks.cl.write.1.tlog
