c:\users\yu_ok\source\repos\yoka346\kalmia-reversi\kalmia\kalmia\x64\release\vc143.pdb
c:\users\yu_ok\source\repos\yoka346\kalmia-reversi\kalmia\kalmia\x64\release\position_feature_init_test.obj
c:\users\yu_ok\source\repos\yoka346\kalmia-reversi\kalmia\kalmia\x64\release\position_eval_test.obj
c:\users\yu_ok\source\repos\yoka346\kalmia-reversi\kalmia\kalmia\x64\release\mobility_test.obj
c:\users\yu_ok\source\repos\yoka346\kalmia-reversi\kalmia\kalmia\x64\release\flip_test.obj
c:\users\yu_ok\source\repos\yoka346\kalmia-reversi\kalmia\kalmia\x64\release\uct.obj
c:\users\yu_ok\source\repos\yoka346\kalmia-reversi\kalmia\kalmia\x64\release\node.obj
c:\users\yu_ok\source\repos\yoka346\kalmia-reversi\kalmia\kalmia\x64\release\gc.obj
c:\users\yu_ok\source\repos\yoka346\kalmia-reversi\kalmia\kalmia\x64\release\types.obj
c:\users\yu_ok\source\repos\yoka346\kalmia-reversi\kalmia\kalmia\x64\release\mobility.obj
c:\users\yu_ok\source\repos\yoka346\kalmia-reversi\kalmia\kalmia\x64\release\flip.obj
c:\users\yu_ok\source\repos\yoka346\kalmia-reversi\kalmia\kalmia\x64\release\usi.obj
c:\users\yu_ok\source\repos\yoka346\kalmia-reversi\kalmia\kalmia\x64\release\gtp.obj
c:\users\yu_ok\source\repos\yoka346\kalmia-reversi\kalmia\kalmia\x64\release\main.obj
c:\users\yu_ok\source\repos\yoka346\kalmia-reversi\kalmia\kalmia\x64\release\sync_stream.obj
c:\users\yu_ok\source\repos\yoka346\kalmia-reversi\kalmia\kalmia\x64\release\position_eval.obj
c:\users\yu_ok\source\repos\yoka346\kalmia-reversi\kalmia\kalmia\x64\release\feature.obj
c:\users\yu_ok\source\repos\yoka346\kalmia-reversi\kalmia\kalmia\x64\release\random_mover.obj
c:\users\yu_ok\source\repos\yoka346\kalmia-reversi\kalmia\kalmia\x64\release\kalmia.obj
c:\users\yu_ok\source\repos\yoka346\kalmia-reversi\kalmia\kalmia\x64\release\engine_option.obj
c:\users\yu_ok\source\repos\yoka346\kalmia-reversi\kalmia\kalmia\x64\release\engine.obj
c:\users\yu_ok\source\repos\yoka346\kalmia-reversi\kalmia\kalmia\x64\release\random.obj
c:\users\yu_ok\source\repos\yoka346\kalmia-reversi\kalmia\kalmia\x64\release\game_timer.obj
c:\users\yu_ok\source\repos\yoka346\kalmia-reversi\kalmia\kalmia\x64\release\position_feature_update_test.obj
c:\users\yu_ok\source\repos\yoka346\kalmia-reversi\kalmia\kalmia\x64\release\mobility_test.h.ifc
c:\users\yu_ok\source\repos\yoka346\kalmia-reversi\kalmia\kalmia\x64\release\mobility_test.h.ifc.d.json
c:\users\yu_ok\source\repos\yoka346\kalmia-reversi\kalmia\kalmia\x64\release\mobility_test.h.obj
c:\users\yu_ok\source\repos\yoka346\kalmia-reversi\kalmia\kalmia\x64\release\sync_stream.h.ifc
c:\users\yu_ok\source\repos\yoka346\kalmia-reversi\kalmia\kalmia\x64\release\sync_stream.h.ifc.d.json
c:\users\yu_ok\source\repos\yoka346\kalmia-reversi\kalmia\kalmia\x64\release\sync_stream.h.obj
c:\users\yu_ok\source\repos\yoka346\kalmia-reversi\kalmia\x64\release\kalmia.exe
c:\users\yu_ok\source\repos\yoka346\kalmia-reversi\kalmia\kalmia\x64\release\kalmia.ipdb
c:\users\yu_ok\source\repos\yoka346\kalmia-reversi\kalmia\x64\release\kalmia.pdb
c:\users\yu_ok\source\repos\yoka346\kalmia-reversi\kalmia\kalmia\x64\release\kalmia.iobj
c:\users\yu_ok\source\repos\yoka346\kalmia-reversi\kalmia\kalmia\x64\release\sync_stream.h.module.json
c:\users\yu_ok\source\repos\yoka346\kalmia-reversi\kalmia\kalmia\x64\release\mobility_test.h.module.json
c:\users\yu_ok\source\repos\yoka346\kalmia-reversi\kalmia\kalmia\x64\release\kalmia.tlog\cl.command.1.tlog
c:\users\yu_ok\source\repos\yoka346\kalmia-reversi\kalmia\kalmia\x64\release\kalmia.tlog\cl.read.1.tlog
c:\users\yu_ok\source\repos\yoka346\kalmia-reversi\kalmia\kalmia\x64\release\kalmia.tlog\cl.write.1.tlog
c:\users\yu_ok\source\repos\yoka346\kalmia-reversi\kalmia\kalmia\x64\release\kalmia.tlog\link.command.1.tlog
c:\users\yu_ok\source\repos\yoka346\kalmia-reversi\kalmia\kalmia\x64\release\kalmia.tlog\link.read.1.tlog
c:\users\yu_ok\source\repos\yoka346\kalmia-reversi\kalmia\kalmia\x64\release\kalmia.tlog\link.write.1.tlog
c:\users\yu_ok\source\repos\yoka346\kalmia-reversi\kalmia\kalmia\x64\release\kalmia_md.tlog\cl.command.1.tlog
c:\users\yu_ok\source\repos\yoka346\kalmia-reversi\kalmia\kalmia\x64\release\kalmia_md.tlog\microsoft.build.cpptasks.cl.read.1.tlog
c:\users\yu_ok\source\repos\yoka346\kalmia-reversi\kalmia\kalmia\x64\release\kalmia_md.tlog\microsoft.build.cpptasks.cl.write.1.tlog
